Using pre-set license

 COMMAND LINE ARGUMENTS:
/Applications/2020.3.11f1/Unity.app/Contents/MacOS/Unity
-adb2
-batchMode
-noUpm
-name
AssetImportWorker0
-projectPath
/Users/kerrybennicke/Documents/Unity Projects/Unity 3D Dev Course/1-Obstacle-Course
-logFile
Logs/AssetImportWorker0.log
-srvPort
50115
Successfully changed project path to: /Users/kerrybennicke/Documents/Unity Projects/Unity 3D Dev Course/1-Obstacle-Course
/Users/kerrybennicke/Documents/Unity Projects/Unity 3D Dev Course/1-Obstacle-Course
Using Asset Import Pipeline V2.
Refreshing native plugins compatible for Editor in 30.65 ms, found 2 plugins.
Preloading 0 native plugins for Editor in 0.00 ms.
Initialize engine version: 2020.3.11f1 (99c7afb366b3)
[Subsystems] Discovering subsystems at path /Applications/2020.3.11f1/Unity.app/Contents/Resources/UnitySubsystems
[Subsystems] Discovering subsystems at path /Users/kerrybennicke/Documents/Unity Projects/Unity 3D Dev Course/1-Obstacle-Course/Assets
GfxDevice: creating device client; threaded=0
2021-06-13 09:41:02.282 Unity[20522:1171662] iMac preferred device: AMD Radeon Pro 560X (high power)
2021-06-13 09:41:02.282 Unity[20522:1171662] Metal devices available: 1
2021-06-13 09:41:02.282 Unity[20522:1171662] 0: AMD Radeon Pro 560X (high power)
2021-06-13 09:41:02.282 Unity[20522:1171662] Using device AMD Radeon Pro 560X (high power)
Initializing Metal device caps: AMD Radeon Pro 560X
Initialize mono
Mono path[0] = '/Applications/2020.3.11f1/Unity.app/Contents/Managed'
Mono path[1] = '/Applications/2020.3.11f1/Unity.app/Contents/MonoBleedingEdge/lib/mono/unityjit'
Mono config path = '/Applications/2020.3.11f1/Unity.app/Contents/MonoBleedingEdge/etc'
Using monoOptions --debugger-agent=transport=dt_socket,embedding=1,server=y,suspend=n,address=127.0.0.1:56522
Begin MonoManager ReloadAssembly
Registering precompiled unity dll's ...
Register platform support module: /Applications/2020.3.11f1/PlaybackEngines/WebGLSupport/UnityEditor.WebGL.Extensions.dll
Register platform support module: /Applications/2020.3.11f1/Unity.app/Contents/PlaybackEngines/MacStandaloneSupport/UnityEditor.OSXStandalone.Extensions.dll
Register platform support module: /Applications/2020.3.11f1/PlaybackEngines/WindowsStandaloneSupport/UnityEditor.WindowsStandalone.Extensions.dll
Registered in 0.000778 seconds.
Native extension for WindowsStandalone target not found
Native extension for OSXStandalone target not found
Native extension for WebGL target not found
Refreshing native plugins compatible for Editor in 26.00 ms, found 2 plugins.
Preloading 0 native plugins for Editor in 0.00 ms.
Mono: successfully reloaded assembly
- Completed reload, in  2.116 seconds
Platform modules already initialized, skipping
Registering precompiled user dll's ...
Registered in 0.001613 seconds.
Begin MonoManager ReloadAssembly
Native extension for WindowsStandalone target not found
Native extension for OSXStandalone target not found
Native extension for WebGL target not found
Refreshing native plugins compatible for Editor in 0.30 ms, found 2 plugins.
Preloading 0 native plugins for Editor in 0.00 ms.
Mono: successfully reloaded assembly
- Completed reload, in  1.164 seconds
Platform modules already initialized, skipping
========================================================================
Worker process is ready to serve import requests
Launching external process: /Applications/2020.3.11f1/Unity.app/Contents/Tools/UnityShaderCompiler
Launched and connected shader compiler UnityShaderCompiler after 0.01 seconds
Refreshing native plugins compatible for Editor in 0.29 ms, found 2 plugins.
Preloading 0 native plugins for Editor in 0.00 ms.
Unloading 1534 Unused Serialized files (Serialized files now loaded: 0)
System memory in use before: 141.4 MB.
System memory in use after: 141.5 MB.

Unloading 19 unused Assets to reduce memory usage. Loaded Objects now: 1968.
Total: 1.759423 ms (FindLiveObjects: 0.155914 ms CreateObjectMapping: 0.042994 ms MarkObjects: 1.502507 ms  DeleteObjects: 0.057104 ms)

========================================================================
Received Import Request.
  path: Assets/Scripts/Movement.cs
  artifactKey: Guid(4ce9755c285114d8a930f52f1126eb4c) Importer(815301076,1909f56bfc062723c751e8b465ee728b)
Start importing Assets/Scripts/Movement.cs using Guid(4ce9755c285114d8a930f52f1126eb4c) Importer(815301076,1909f56bfc062723c751e8b465ee728b)  -> (artifact id: '8509cfcea7ab89726faa13888a14e0a2') in 0.317535 seconds
  Import took 0.319566 seconds .

========================================================================
Received Prepare
Registering precompiled user dll's ...
Registered in 0.001542 seconds.
Begin MonoManager ReloadAssembly
Native extension for WindowsStandalone target not found
Native extension for OSXStandalone target not found
Native extension for WebGL target not found
Refreshing native plugins compatible for Editor in 0.28 ms, found 2 plugins.
Preloading 0 native plugins for Editor in 0.00 ms.
Mono: successfully reloaded assembly
- Completed reload, in  1.044 seconds
Platform modules already initialized, skipping
Refreshing native plugins compatible for Editor in 0.28 ms, found 2 plugins.
Preloading 0 native plugins for Editor in 0.00 ms.
Unloading 1526 Unused Serialized files (Serialized files now loaded: 0)
System memory in use before: 145.7 MB.
System memory in use after: 145.8 MB.

Unloading 14 unused Assets to reduce memory usage. Loaded Objects now: 1971.
Total: 1.521204 ms (FindLiveObjects: 0.125563 ms CreateObjectMapping: 0.040008 ms MarkObjects: 1.342236 ms  DeleteObjects: 0.012690 ms)

========================================================================
Received Import Request.
  Time since last request: 173.494404 seconds.
  path: Assets/Scripts/Movement.cs
  artifactKey: Guid(4ce9755c285114d8a930f52f1126eb4c) Importer(815301076,1909f56bfc062723c751e8b465ee728b)
Start importing Assets/Scripts/Movement.cs using Guid(4ce9755c285114d8a930f52f1126eb4c) Importer(815301076,1909f56bfc062723c751e8b465ee728b)  -> (artifact id: 'dc2fd7958c8e40e53d73ffb0e62e6c8f') in 0.008996 seconds
  Import took 0.011626 seconds .

========================================================================
Received Prepare
Registering precompiled user dll's ...
Registered in 0.001521 seconds.
Begin MonoManager ReloadAssembly
Native extension for WindowsStandalone target not found
Native extension for OSXStandalone target not found
Native extension for WebGL target not found
Refreshing native plugins compatible for Editor in 0.34 ms, found 2 plugins.
Preloading 0 native plugins for Editor in 0.00 ms.
Mono: successfully reloaded assembly
- Completed reload, in  1.041 seconds
Platform modules already initialized, skipping
Refreshing native plugins compatible for Editor in 0.26 ms, found 2 plugins.
Preloading 0 native plugins for Editor in 0.00 ms.
Unloading 1526 Unused Serialized files (Serialized files now loaded: 0)
System memory in use before: 145.8 MB.
System memory in use after: 145.9 MB.

Unloading 14 unused Assets to reduce memory usage. Loaded Objects now: 1974.
Total: 1.602356 ms (FindLiveObjects: 0.129477 ms CreateObjectMapping: 0.038262 ms MarkObjects: 1.421447 ms  DeleteObjects: 0.012478 ms)

========================================================================
Received Import Request.
  Time since last request: 62.383888 seconds.
  path: Assets/Scripts/Movement.cs
  artifactKey: Guid(4ce9755c285114d8a930f52f1126eb4c) Importer(815301076,1909f56bfc062723c751e8b465ee728b)
Start importing Assets/Scripts/Movement.cs using Guid(4ce9755c285114d8a930f52f1126eb4c) Importer(815301076,1909f56bfc062723c751e8b465ee728b)  -> (artifact id: '2fe84d4c97de4cc6d8eeb0482aee4595') in 0.009094 seconds
  Import took 0.011734 seconds .

========================================================================
Received Prepare
Registering precompiled user dll's ...
Registered in 0.001535 seconds.
Begin MonoManager ReloadAssembly
Native extension for WindowsStandalone target not found
Native extension for OSXStandalone target not found
Native extension for WebGL target not found
Refreshing native plugins compatible for Editor in 0.29 ms, found 2 plugins.
Preloading 0 native plugins for Editor in 0.00 ms.
Mono: successfully reloaded assembly
- Completed reload, in  1.047 seconds
Platform modules already initialized, skipping
Refreshing native plugins compatible for Editor in 0.27 ms, found 2 plugins.
Preloading 0 native plugins for Editor in 0.00 ms.
Unloading 1526 Unused Serialized files (Serialized files now loaded: 0)
System memory in use before: 146.1 MB.
System memory in use after: 146.2 MB.

Unloading 14 unused Assets to reduce memory usage. Loaded Objects now: 1977.
Total: 1.539981 ms (FindLiveObjects: 0.128750 ms CreateObjectMapping: 0.041079 ms MarkObjects: 1.357070 ms  DeleteObjects: 0.012493 ms)

========================================================================
Received Import Request.
  Time since last request: 422.791729 seconds.
  path: Assets/Scripts/Movement.cs
  artifactKey: Guid(4ce9755c285114d8a930f52f1126eb4c) Importer(815301076,1909f56bfc062723c751e8b465ee728b)
Start importing Assets/Scripts/Movement.cs using Guid(4ce9755c285114d8a930f52f1126eb4c) Importer(815301076,1909f56bfc062723c751e8b465ee728b)  -> (artifact id: '1d4f9d184ce9c59f39138bd4acbae64f') in 0.009007 seconds
  Import took 0.011201 seconds .

========================================================================
Received Prepare
Registering precompiled user dll's ...
Registered in 0.001851 seconds.
Begin MonoManager ReloadAssembly
Native extension for WindowsStandalone target not found
Native extension for OSXStandalone target not found
Native extension for WebGL target not found
Refreshing native plugins compatible for Editor in 0.28 ms, found 2 plugins.
Preloading 0 native plugins for Editor in 0.00 ms.
Mono: successfully reloaded assembly
- Completed reload, in  1.074 seconds
Platform modules already initialized, skipping
Refreshing native plugins compatible for Editor in 0.29 ms, found 2 plugins.
Preloading 0 native plugins for Editor in 0.00 ms.
Unloading 1526 Unused Serialized files (Serialized files now loaded: 0)
System memory in use before: 146.2 MB.
System memory in use after: 146.3 MB.

Unloading 14 unused Assets to reduce memory usage. Loaded Objects now: 1980.
Total: 1.698626 ms (FindLiveObjects: 0.133325 ms CreateObjectMapping: 0.040822 ms MarkObjects: 1.510132 ms  DeleteObjects: 0.013670 ms)

